{"message":"undefined - API Server Start At Port 8080","level":"info","timestamp":"2021-03-01 13:35:07"}
{"message":"undefined - API Server Start At Port 8080","level":"info","timestamp":"2021-03-01 13:50:58"}
{"message":"undefined - API Server Start At Port 8080","level":"info","timestamp":"2021-03-01 13:57:04"}
{"message":"undefined - API Server Start At Port 8080","level":"info","timestamp":"2021-03-01 14:00:54"}
{"message":"undefined - API Server Start At Port 8080","level":"info","timestamp":"2021-03-01 14:04:20"}
{"message":"[object Object]","level":"info","timestamp":"2021-03-01 14:15:41"}
{"message":"App - myInfo Query error\n: {}","level":"error","timestamp":"2021-03-01 14:15:41"}
{"message":"undefined - API Server Start At Port 8080","level":"info","timestamp":"2021-03-01 14:16:46"}
{"message":"[object Object]","level":"info","timestamp":"2021-03-01 14:17:04"}
{"message":"App - myInfo Query error\n: {}","level":"error","timestamp":"2021-03-01 14:17:04"}
{"message":"[object Object]","level":"info","timestamp":"2021-03-01 14:17:06"}
{"message":"App - myInfo Query error\n: {}","level":"error","timestamp":"2021-03-01 14:17:06"}
{"message":"[object Object]","level":"info","timestamp":"2021-03-01 14:17:07"}
{"message":"App - myInfo Query error\n: {}","level":"error","timestamp":"2021-03-01 14:17:07"}
{"message":"undefined - API Server Start At Port 8080","level":"info","timestamp":"2021-03-01 14:17:45"}
{"message":"undefined","level":"info","timestamp":"2021-03-01 14:17:48"}
{"message":"App - myInfo Query error\n: {}","level":"error","timestamp":"2021-03-01 14:17:48"}
{"message":"undefined","level":"info","timestamp":"2021-03-01 14:17:49"}
{"message":"App - myInfo Query error\n: {}","level":"error","timestamp":"2021-03-01 14:17:49"}
{"message":"undefined - API Server Start At Port 8080","level":"info","timestamp":"2021-03-01 14:21:54"}
{"message":"jiwon123","level":"info","timestamp":"2021-03-01 14:22:01"}
{"message":"App - myInfo Query error\n: {}","level":"error","timestamp":"2021-03-01 14:22:01"}
{"message":"jiwon123","level":"info","timestamp":"2021-03-01 14:22:02"}
{"message":"App - myInfo Query error\n: {}","level":"error","timestamp":"2021-03-01 14:22:02"}
{"message":"jiwon123","level":"info","timestamp":"2021-03-01 14:22:10"}
{"message":"App - myInfo Query error\n: {}","level":"error","timestamp":"2021-03-01 14:22:10"}
{"message":"undefined - API Server Start At Port 8080","level":"info","timestamp":"2021-03-01 14:24:06"}
{"message":"jiwon123","level":"info","timestamp":"2021-03-01 14:24:09"}
{"message":"App - myInfo Query error\n: {}","level":"error","timestamp":"2021-03-01 14:24:09"}
{"message":"jiwon123","level":"info","timestamp":"2021-03-01 14:24:10"}
{"message":"App - myInfo Query error\n: {}","level":"error","timestamp":"2021-03-01 14:24:10"}
{"message":"jiwon123","level":"info","timestamp":"2021-03-01 14:24:11"}
{"message":"App - myInfo Query error\n: {}","level":"error","timestamp":"2021-03-01 14:24:11"}
{"message":"jiwon123","level":"info","timestamp":"2021-03-01 14:24:12"}
{"message":"App - myInfo Query error\n: {}","level":"error","timestamp":"2021-03-01 14:24:12"}
{"message":"jiwon123","level":"info","timestamp":"2021-03-01 14:24:12"}
{"message":"App - myInfo Query error\n: {}","level":"error","timestamp":"2021-03-01 14:24:12"}
{"message":"jiwon123","level":"info","timestamp":"2021-03-01 14:24:13"}
{"message":"App - myInfo Query error\n: {}","level":"error","timestamp":"2021-03-01 14:24:13"}
{"message":"jiwon123","level":"info","timestamp":"2021-03-01 14:24:13"}
{"message":"App - myInfo Query error\n: {}","level":"error","timestamp":"2021-03-01 14:24:13"}
{"message":"jiwon123","level":"info","timestamp":"2021-03-01 14:24:25"}
{"message":"App - myInfo Query error\n: {}","level":"error","timestamp":"2021-03-01 14:24:25"}
{"message":"jiwon123","level":"info","timestamp":"2021-03-01 14:24:26"}
{"message":"App - myInfo Query error\n: {}","level":"error","timestamp":"2021-03-01 14:24:26"}
{"message":"undefined - API Server Start At Port 8080","level":"info","timestamp":"2021-03-01 14:26:43"}
{"message":" token check jiwon123","level":"info","timestamp":"2021-03-01 14:26:47"}
{"message":"App - myInfo Query error\n: {}","level":"error","timestamp":"2021-03-01 14:26:47"}
{"message":" token check jiwon123","level":"info","timestamp":"2021-03-01 14:26:48"}
{"message":"App - myInfo Query error\n: {}","level":"error","timestamp":"2021-03-01 14:26:48"}
{"message":"undefined - API Server Start At Port 8080","level":"info","timestamp":"2021-03-01 14:27:37"}
{"message":" token check jiwon123","level":"info","timestamp":"2021-03-01 14:27:40"}
{"message":" token check jiwon123","level":"info","timestamp":"2021-03-01 14:27:42"}
